<!DOCTYPE html PUBLIC "-//W3C//DTD XHTML 1.1//EN" "https://www.w3.org/TR/xhtml11/DTD/xhtml11.dtd">
<html xmlns="https://www.w3.org/1999/xhtml">
<head>
<meta http-equiv="content-type" content="text/html; charset=UTF-8"/>
<title>TestNG Report</title>
<style type="text/css">table {margin-bottom:10px;border-collapse:collapse;empty-cells:show}th,td {border:1px solid #009;padding:.25em .5em}th {vertical-align:bottom}td {vertical-align:top}table a {font-weight:bold}.stripe td {background-color: #E6EBF9}.num {text-align:right}.passedodd td {background-color: #3F3}.passedeven td {background-color: #0A0}.skippedodd td {background-color: #DDD}.skippedeven td {background-color: #CCC}.failedodd td,.attn {background-color: #F33}.failedeven td,.stripe .attn {background-color: #D00}.stacktrace {white-space:pre;font-family:monospace}.totop {font-size:85%;text-align:center;border-bottom:2px solid #000}.invisible {display:none}</style>
</head>
<body>
<table>
<tr><th>Test</th><th># Passed</th><th># Skipped</th><th># Retried</th><th># Failed</th><th>Time (ms)</th><th>Included Groups</th><th>Excluded Groups</th></tr>
<tr><th colspan="8">Suite</th></tr>
<tr><td><a href="#t0">Test</a></td><td class="num">4</td><td class="num">0</td><td class="num">0</td><td class="num attn">2</td><td class="num">39,748</td><td></td><td></td></tr>
</table>
<table id='summary'><thead><tr><th>Class</th><th>Method</th><th>Start</th><th>Time (ms)</th></tr></thead><tbody><tr><th colspan="4">Suite</th></tr></tbody><tbody id="t0"><tr><th colspan="4">Test &#8212; failed</th></tr><tr class="failedeven"><td rowspan="2">mavenProject.googleLogin.TestLoginGoogleAccountUsingTestNG_DifferentClasses</td><td><a href="#m0">clickNextPassword</a></td><td rowspan="1">1607666916210</td><td rowspan="1">11374</td></tr><tr class="failedeven"><td><a href="#m1">invalidUsername</a></td><td rowspan="1">1607666902396</td><td rowspan="1">11307</td></tr><tr><th colspan="4">Test &#8212; passed</th></tr><tr class="passedeven"><td rowspan="4">mavenProject.googleLogin.TestLoginGoogleAccountUsingTestNG_DifferentClasses</td><td><a href="#m2">bothInvalid</a></td><td rowspan="1">1607666914359</td><td rowspan="1">1848</td></tr><tr class="passedeven"><td><a href="#m3">bothValid</a></td><td rowspan="1">1607666890512</td><td rowspan="1">7941</td></tr><tr class="passedeven"><td><a href="#m4">clickNextUsername</a></td><td rowspan="1">1607666928227</td><td rowspan="1">1424</td></tr><tr class="passedeven"><td><a href="#m5">invalidpassword</a></td><td rowspan="1">1607666898474</td><td rowspan="1">3918</td></tr></tbody>
</table>
<h2>Test</h2><h3 id="m0">mavenProject.googleLogin.TestLoginGoogleAccountUsingTestNG_DifferentClasses#clickNextPassword</h3><table class="result"><tr><th>Messages</th></tr><tr><td><div class="messages">Method to be executed: clickNextPassword<br/>Go on to URL -"https://accounts.google.com/".
<br/>Enter a valid username that is stored in properties file.
<br/>Click on next.
<br/><br><img src='.\screenshot\Fri-Dec-11-11-38-47-IST-2020.png' alt='error screenshot' height='400' width='400'/><br></div></td></tr><tr><th>Exception</th></tr><tr><td><div class="stacktrace">org.openqa.selenium.InvalidSelectorException: invalid selector: Unable to locate an element with the xpath expression @class=&apos;whsOnd zHQkBf&apos; and @type=&apos;password&apos;] because of the following error:
SyntaxError: Failed to execute &apos;evaluate&apos; on &apos;Document&apos;: The string &apos;@class=&apos;whsOnd zHQkBf&apos; and @type=&apos;password&apos;]&apos; is not a valid XPath expression.
  (Session info: chrome=87.0.4280.88)
For documentation on this error, please visit: https://www.seleniumhq.org/exceptions/invalid_selector_exception.html
Build info: version: &apos;3.141.59&apos;, revision: &apos;e82be7d358&apos;, time: &apos;2018-11-14T08:17:03&apos;
System info: host: &apos;LAPTOP-2Q47I0S4&apos;, ip: &apos;192.168.1.4&apos;, os.name: &apos;Windows 10&apos;, os.arch: &apos;amd64&apos;, os.version: &apos;10.0&apos;, java.version: &apos;11.0.8&apos;
Driver info: org.openqa.selenium.chrome.ChromeDriver
Capabilities {acceptInsecureCerts: false, browserName: chrome, browserVersion: 87.0.4280.88, chrome: {chromedriverVersion: 87.0.4280.20 (c99e81631faa0..., userDataDir: C:\Users\Com\AppData\Local\...}, goog:chromeOptions: {debuggerAddress: localhost:54107}, javascriptEnabled: true, networkConnectionEnabled: false, pageLoadStrategy: normal, platform: WINDOWS, platformName: WINDOWS, proxy: Proxy(), setWindowRect: true, strictFileInteractability: false, timeouts: {implicit: 0, pageLoad: 300000, script: 30000}, unhandledPromptBehavior: dismiss and notify, webauthn:virtualAuthenticators: true}
Session ID: 6fbe5bef25fef5b8f23a07eb9b0c8ddf
*** Element info: {Using=xpath, value=@class=&apos;whsOnd zHQkBf&apos; and @type=&apos;password&apos;]}
	at org.openqa.selenium.remote.http.W3CHttpResponseCodec.createException(W3CHttpResponseCodec.java:187)
	at org.openqa.selenium.remote.http.W3CHttpResponseCodec.decode(W3CHttpResponseCodec.java:122)
	at org.openqa.selenium.remote.http.W3CHttpResponseCodec.decode(W3CHttpResponseCodec.java:49)
	at org.openqa.selenium.remote.HttpCommandExecutor.execute(HttpCommandExecutor.java:158)
	at org.openqa.selenium.remote.service.DriverCommandExecutor.execute(DriverCommandExecutor.java:83)
	at org.openqa.selenium.remote.RemoteWebDriver.execute(RemoteWebDriver.java:552)
	at org.openqa.selenium.remote.RemoteWebDriver.findElements(RemoteWebDriver.java:353)
	at org.openqa.selenium.remote.RemoteWebDriver.findElementsByXPath(RemoteWebDriver.java:432)
	at org.openqa.selenium.By$ByXPath.findElements(By.java:348)
	at org.openqa.selenium.remote.RemoteWebDriver.findElements(RemoteWebDriver.java:311)
	at mavenProject.googleLogin.BasePage.delay(BasePage.java:53)
	at mavenProject.googleLogin.LoginPage.clickNextWithoutEnteringPassword(LoginPage.java:135)
	at mavenProject.googleLogin.TestLoginGoogleAccountUsingTestNG_DifferentClasses.clickNextPassword(TestLoginGoogleAccountUsingTestNG_DifferentClasses.java:88)
	at java.base/java.util.ArrayList.forEach(ArrayList.java:1541)
... Removed 31 stack frames</div></td></tr></table><p class="totop"><a href="#summary">back to summary</a></p>
<h3 id="m1">mavenProject.googleLogin.TestLoginGoogleAccountUsingTestNG_DifferentClasses#invalidUsername</h3><table class="result"><tr><th>Messages</th></tr><tr><td><div class="messages">Method to be executed: invalidUsername<br/>Go on to URL -"https://accounts.google.com/".
<br/>Enter an invalid username that is stored in properties file.
<br/>Click on next.
<br/><br><img src='.\screenshot\Fri-Dec-11-11-38-33-IST-2020.png' alt='error screenshot' height='400' width='400'/><br></div></td></tr><tr><th>Exception</th></tr><tr><td><div class="stacktrace">org.openqa.selenium.NoSuchElementException: no such element: Unable to locate element: {&quot;method&quot;:&quot;xpath&quot;,&quot;selector&quot;:&quot;//div[contains(@class,&apos;o6cuMc&apos;)]&quot;}
  (Session info: chrome=87.0.4280.88)
For documentation on this error, please visit: https://www.seleniumhq.org/exceptions/no_such_element.html
Build info: version: &apos;3.141.59&apos;, revision: &apos;e82be7d358&apos;, time: &apos;2018-11-14T08:17:03&apos;
System info: host: &apos;LAPTOP-2Q47I0S4&apos;, ip: &apos;192.168.1.4&apos;, os.name: &apos;Windows 10&apos;, os.arch: &apos;amd64&apos;, os.version: &apos;10.0&apos;, java.version: &apos;11.0.8&apos;
Driver info: org.openqa.selenium.chrome.ChromeDriver
Capabilities {acceptInsecureCerts: false, browserName: chrome, browserVersion: 87.0.4280.88, chrome: {chromedriverVersion: 87.0.4280.20 (c99e81631faa0..., userDataDir: C:\Users\Com\AppData\Local\...}, goog:chromeOptions: {debuggerAddress: localhost:54107}, javascriptEnabled: true, networkConnectionEnabled: false, pageLoadStrategy: normal, platform: WINDOWS, platformName: WINDOWS, proxy: Proxy(), setWindowRect: true, strictFileInteractability: false, timeouts: {implicit: 0, pageLoad: 300000, script: 30000}, unhandledPromptBehavior: dismiss and notify, webauthn:virtualAuthenticators: true}
Session ID: 6fbe5bef25fef5b8f23a07eb9b0c8ddf
*** Element info: {Using=xpath, value=//div[contains(@class,&apos;o6cuMc&apos;)]}
	at org.openqa.selenium.remote.http.W3CHttpResponseCodec.createException(W3CHttpResponseCodec.java:187)
	at org.openqa.selenium.remote.http.W3CHttpResponseCodec.decode(W3CHttpResponseCodec.java:122)
	at org.openqa.selenium.remote.http.W3CHttpResponseCodec.decode(W3CHttpResponseCodec.java:49)
	at org.openqa.selenium.remote.HttpCommandExecutor.execute(HttpCommandExecutor.java:158)
	at org.openqa.selenium.remote.service.DriverCommandExecutor.execute(DriverCommandExecutor.java:83)
	at org.openqa.selenium.remote.RemoteWebDriver.execute(RemoteWebDriver.java:552)
	at org.openqa.selenium.remote.RemoteWebDriver.findElement(RemoteWebDriver.java:323)
	at org.openqa.selenium.remote.RemoteWebDriver.findElementByXPath(RemoteWebDriver.java:428)
	at org.openqa.selenium.By$ByXPath.findElement(By.java:353)
	at org.openqa.selenium.remote.RemoteWebDriver.findElement(RemoteWebDriver.java:315)
	at org.openqa.selenium.support.pagefactory.DefaultElementLocator.findElement(DefaultElementLocator.java:69)
	at org.openqa.selenium.support.pagefactory.internal.LocatingElementHandler.invoke(LocatingElementHandler.java:38)
	at com.sun.proxy.$Proxy16.getText(Unknown Source)
	at mavenProject.googleLogin.LoginPage.invalidUsername(LoginPage.java:101)
	at mavenProject.googleLogin.TestLoginGoogleAccountUsingTestNG_DifferentClasses.invalidUsername(TestLoginGoogleAccountUsingTestNG_DifferentClasses.java:61)
	at java.base/java.util.ArrayList.forEach(ArrayList.java:1541)
... Removed 31 stack frames</div></td></tr></table><p class="totop"><a href="#summary">back to summary</a></p>
<h3 id="m2">mavenProject.googleLogin.TestLoginGoogleAccountUsingTestNG_DifferentClasses#bothInvalid</h3><table class="result"><tr><th>Messages</th></tr><tr><td><div class="messages">Method to be executed: bothInvalid<br/>Go on to URL -"https://accounts.google.com/".
<br/>Enter an invalid username that is stored in properties file.
<br/>Click on next.
<br/>Status of execution1</div></td></tr></table><p class="totop"><a href="#summary">back to summary</a></p>
<h3 id="m3">mavenProject.googleLogin.TestLoginGoogleAccountUsingTestNG_DifferentClasses#bothValid</h3><table class="result"><tr><th>Messages</th></tr><tr><td><div class="messages">Method to be executed: bothValid<br/>Go on to URL -"https://accounts.google.com/".
<br/>Enter a valid username that is stored in properties file.
<br/>Click on next.
<br/>Enter a valid password that is stored in properties file.
<br/>Click on next.
<br/>Status of execution1</div></td></tr></table><p class="totop"><a href="#summary">back to summary</a></p>
<h3 id="m4">mavenProject.googleLogin.TestLoginGoogleAccountUsingTestNG_DifferentClasses#clickNextUsername</h3><table class="result"><tr><th>Messages</th></tr><tr><td><div class="messages">Method to be executed: clickNextUsername<br/>Go on to URL -"https://accounts.google.com/".
<br/>Click on next without entering the username.
<br/>Status of execution1</div></td></tr></table><p class="totop"><a href="#summary">back to summary</a></p>
<h3 id="m5">mavenProject.googleLogin.TestLoginGoogleAccountUsingTestNG_DifferentClasses#invalidpassword</h3><table class="result"><tr><th>Messages</th></tr><tr><td><div class="messages">Method to be executed: invalidpassword<br/>Go on to URL -"https://accounts.google.com/".
<br/>Enter a valid username that is stored in properties file.
<br/>Click on next.
<br/>Enter an invalid password that is stored in properties file.
<br/>Click on next.
<br/>Status of execution1</div></td></tr></table><p class="totop"><a href="#summary">back to summary</a></p>
</body>
</html>
